Using pre-set license
Built from '2020.3/staging' branch; Version is '2020.3.5f1 (8095aa901b9b) revision 8426922'; Using compiler version '192528614'; Build Type 'Release'
OS: 'Windows 10 Home Single Language; OS build 19042.985; Version 2009; 64bit' Language: 'en' Physical Memory: 16226 MB
BatchMode: 1, IsHumanControllingUs: 0, StartBugReporterOnCrash: 0, Is64bit: 1, IsPro: 0

 COMMAND LINE ARGUMENTS:
C:\Program Files\Unity\Hub\Editor\2020.3.5f1\Editor\Unity.exe
-adb2
-batchMode
-noUpm
-name
AssetImportWorker0
-projectPath
D:/PASSION/C# networking/Unity_Client_Server/Unity_Client_Server/GameServer-Unity
-logFile
Logs/AssetImportWorker0.log
-srvPort
51061
Successfully changed project path to: D:/PASSION/C# networking/Unity_Client_Server/Unity_Client_Server/GameServer-Unity
D:/PASSION/C# networking/Unity_Client_Server/Unity_Client_Server/GameServer-Unity
Using Asset Import Pipeline V2.
Refreshing native plugins compatible for Editor in 58.42 ms, found 0 plugins.
Preloading 0 native plugins for Editor in 0.00 ms.
Initialize engine version: 2020.3.5f1 (8095aa901b9b)
[Subsystems] Discovering subsystems at path C:/Program Files/Unity/Hub/Editor/2020.3.5f1/Editor/Data/Resources/UnitySubsystems
[Subsystems] Discovering subsystems at path D:/PASSION/C# networking/Unity_Client_Server/Unity_Client_Server/GameServer-Unity/Assets
GfxDevice: creating device client; threaded=0
Direct3D:
    Version:  Direct3D 11.0 [level 11.1]
    Renderer: NVIDIA GeForce GTX 1060 (ID=0x1c20)
    Vendor:   
    VRAM:     6052 MB
    Driver:   27.21.14.6627
Initialize mono
Mono path[0] = 'C:/Program Files/Unity/Hub/Editor/2020.3.5f1/Editor/Data/Managed'
Mono path[1] = 'C:/Program Files/Unity/Hub/Editor/2020.3.5f1/Editor/Data/MonoBleedingEdge/lib/mono/unityjit'
Mono config path = 'C:/Program Files/Unity/Hub/Editor/2020.3.5f1/Editor/Data/MonoBleedingEdge/etc'
Using monoOptions --debugger-agent=transport=dt_socket,embedding=1,server=y,suspend=n,address=127.0.0.1:56480
Begin MonoManager ReloadAssembly
Registering precompiled unity dll's ...
Register platform support module: C:/Program Files/Unity/Hub/Editor/2020.3.5f1/Editor/Data/PlaybackEngines/WindowsStandaloneSupport/UnityEditor.WindowsStandalone.Extensions.dll
Registered in 0.002139 seconds.
Native extension for WindowsStandalone target not found
Refreshing native plugins compatible for Editor in 35.83 ms, found 0 plugins.
Preloading 0 native plugins for Editor in 0.00 ms.
Mono: successfully reloaded assembly
- Completed reload, in  3.505 seconds
Platform modules already initialized, skipping
Registering precompiled user dll's ...
Registered in 0.000756 seconds.
Begin MonoManager ReloadAssembly
Native extension for WindowsStandalone target not found
Refreshing native plugins compatible for Editor in 0.19 ms, found 0 plugins.
Preloading 0 native plugins for Editor in 0.00 ms.
Mono: successfully reloaded assembly
- Completed reload, in  0.851 seconds
Platform modules already initialized, skipping
========================================================================
Worker process is ready to serve import requests
Launched and connected shader compiler UnityShaderCompiler.exe after 0.04 seconds
Refreshing native plugins compatible for Editor in 0.24 ms, found 0 plugins.
Preloading 0 native plugins for Editor in 0.00 ms.
Unloading 1124 Unused Serialized files (Serialized files now loaded: 0)
System memory in use before: 57.9 MB.
System memory in use after: 58.0 MB.

Unloading 10 unused Assets to reduce memory usage. Loaded Objects now: 1566.
Total: 2.668500 ms (FindLiveObjects: 0.350500 ms CreateObjectMapping: 0.188000 ms MarkObjects: 2.050000 ms  DeleteObjects: 0.078800 ms)

========================================================================
Received Import Request.
  path: Assets/Scripts/NetworkManager.cs
  artifactKey: Guid(21df5aacde0e56240abb4a4be976548f) Importer(815301076,1909f56bfc062723c751e8b465ee728b)
Start importing Assets/Scripts/NetworkManager.cs using Guid(21df5aacde0e56240abb4a4be976548f) Importer(815301076,1909f56bfc062723c751e8b465ee728b)  -> (artifact id: 'a443bfdd534d1f776c3eb00f27e49e39') in 0.030217 seconds
  Import took 0.082938 seconds .

========================================================================
Received Prepare
Registering precompiled user dll's ...
Registered in 0.000568 seconds.
Begin MonoManager ReloadAssembly
Native extension for WindowsStandalone target not found
Refreshing native plugins compatible for Editor in 0.19 ms, found 0 plugins.
Preloading 0 native plugins for Editor in 0.00 ms.
Mono: successfully reloaded assembly
- Completed reload, in  0.735 seconds
Platform modules already initialized, skipping
Refreshing native plugins compatible for Editor in 0.18 ms, found 0 plugins.
Preloading 0 native plugins for Editor in 0.00 ms.
Unloading 1119 Unused Serialized files (Serialized files now loaded: 0)
System memory in use before: 57.9 MB.
System memory in use after: 57.9 MB.

Unloading 5 unused Assets to reduce memory usage. Loaded Objects now: 1569.
Total: 1.746900 ms (FindLiveObjects: 0.155500 ms CreateObjectMapping: 0.037000 ms MarkObjects: 1.505600 ms  DeleteObjects: 0.047300 ms)

========================================================================
Received Prepare
Registering precompiled user dll's ...
Registered in 0.000622 seconds.
Begin MonoManager ReloadAssembly
Native extension for WindowsStandalone target not found
Refreshing native plugins compatible for Editor in 0.19 ms, found 0 plugins.
Preloading 0 native plugins for Editor in 0.00 ms.
Mono: successfully reloaded assembly
- Completed reload, in  0.732 seconds
Platform modules already initialized, skipping
Refreshing native plugins compatible for Editor in 0.18 ms, found 0 plugins.
Preloading 0 native plugins for Editor in 0.00 ms.
Unloading 1119 Unused Serialized files (Serialized files now loaded: 0)
System memory in use before: 57.9 MB.
System memory in use after: 58.0 MB.

Unloading 5 unused Assets to reduce memory usage. Loaded Objects now: 1572.
Total: 1.792400 ms (FindLiveObjects: 0.132500 ms CreateObjectMapping: 0.034400 ms MarkObjects: 1.539200 ms  DeleteObjects: 0.085400 ms)

========================================================================
Received Import Request.
  Time since last request: 1314.214757 seconds.
  path: Assets/Scripts/Constants.cs
  artifactKey: Guid(d83a652eb30caec4a996c9bd98e3cf4c) Importer(815301076,1909f56bfc062723c751e8b465ee728b)
Start importing Assets/Scripts/Constants.cs using Guid(d83a652eb30caec4a996c9bd98e3cf4c) Importer(815301076,1909f56bfc062723c751e8b465ee728b)  -> (artifact id: 'acbbb0b50b68bb337251d0e653ebcc91') in 0.009232 seconds
  Import took 0.011344 seconds .

========================================================================
Received Import Request.
  Time since last request: 0.001387 seconds.
  path: Assets/Scripts/Constants.cs
  artifactKey: Guid(d83a652eb30caec4a996c9bd98e3cf4c) Importer(815301076,1909f56bfc062723c751e8b465ee728b)
Start importing Assets/Scripts/Constants.cs using Guid(d83a652eb30caec4a996c9bd98e3cf4c) Importer(815301076,1909f56bfc062723c751e8b465ee728b)  -> (artifact id: 'acbbb0b50b68bb337251d0e653ebcc91') in 0.001822 seconds
  Import took 0.003679 seconds .

========================================================================
Received Prepare
Registering precompiled user dll's ...
Registered in 0.000584 seconds.
Begin MonoManager ReloadAssembly
Native extension for WindowsStandalone target not found
Refreshing native plugins compatible for Editor in 0.19 ms, found 0 plugins.
Preloading 0 native plugins for Editor in 0.00 ms.
Mono: successfully reloaded assembly
- Completed reload, in  0.684 seconds
Platform modules already initialized, skipping
Refreshing native plugins compatible for Editor in 0.18 ms, found 0 plugins.
Preloading 0 native plugins for Editor in 0.00 ms.
Unloading 1119 Unused Serialized files (Serialized files now loaded: 0)
System memory in use before: 57.9 MB.
System memory in use after: 58.0 MB.

Unloading 5 unused Assets to reduce memory usage. Loaded Objects now: 1575.
Total: 2.635700 ms (FindLiveObjects: 0.178700 ms CreateObjectMapping: 0.068600 ms MarkObjects: 2.319500 ms  DeleteObjects: 0.067300 ms)

========================================================================
Received Import Request.
  Time since last request: 9.804212 seconds.
  path: Assets/Scripts/Constants.cs
  artifactKey: Guid(d83a652eb30caec4a996c9bd98e3cf4c) Importer(815301076,1909f56bfc062723c751e8b465ee728b)
Start importing Assets/Scripts/Constants.cs using Guid(d83a652eb30caec4a996c9bd98e3cf4c) Importer(815301076,1909f56bfc062723c751e8b465ee728b)  -> (artifact id: 'be86df4fb4d5e0a2619e79c5ac9724d8') in 0.006852 seconds
  Import took 0.008972 seconds .

========================================================================
Received Import Request.
  Time since last request: 298.866734 seconds.
  path: Assets/Scripts/NetworkManager.cs
  artifactKey: Guid(21df5aacde0e56240abb4a4be976548f) Importer(815301076,1909f56bfc062723c751e8b465ee728b)
Start importing Assets/Scripts/NetworkManager.cs using Guid(21df5aacde0e56240abb4a4be976548f) Importer(815301076,1909f56bfc062723c751e8b465ee728b)  -> (artifact id: 'ef2760c03e5d2ea30dc4b46eb6f658ec') in 0.002465 seconds
  Import took 0.004552 seconds .

========================================================================
Received Import Request.
  Time since last request: 0.001115 seconds.
  path: Assets/Scripts/NetworkManager.cs
  artifactKey: Guid(21df5aacde0e56240abb4a4be976548f) Importer(815301076,1909f56bfc062723c751e8b465ee728b)
Start importing Assets/Scripts/NetworkManager.cs using Guid(21df5aacde0e56240abb4a4be976548f) Importer(815301076,1909f56bfc062723c751e8b465ee728b)  -> (artifact id: 'ef2760c03e5d2ea30dc4b46eb6f658ec') in 0.001830 seconds
  Import took 0.003573 seconds .

========================================================================
Received Prepare
Registering precompiled user dll's ...
Registered in 0.000621 seconds.
Begin MonoManager ReloadAssembly
Native extension for WindowsStandalone target not found
Refreshing native plugins compatible for Editor in 0.18 ms, found 0 plugins.
Preloading 0 native plugins for Editor in 0.00 ms.
Mono: successfully reloaded assembly
- Completed reload, in  0.693 seconds
Platform modules already initialized, skipping
Refreshing native plugins compatible for Editor in 0.18 ms, found 0 plugins.
Preloading 0 native plugins for Editor in 0.00 ms.
Unloading 1119 Unused Serialized files (Serialized files now loaded: 0)
System memory in use before: 57.9 MB.
System memory in use after: 58.0 MB.

Unloading 5 unused Assets to reduce memory usage. Loaded Objects now: 1578.
Total: 2.279200 ms (FindLiveObjects: 0.213300 ms CreateObjectMapping: 0.049700 ms MarkObjects: 1.958500 ms  DeleteObjects: 0.055900 ms)

========================================================================
Received Import Request.
  Time since last request: 33.119298 seconds.
  path: Assets/Scripts/NetworkManager.cs
  artifactKey: Guid(21df5aacde0e56240abb4a4be976548f) Importer(815301076,1909f56bfc062723c751e8b465ee728b)
Start importing Assets/Scripts/NetworkManager.cs using Guid(21df5aacde0e56240abb4a4be976548f) Importer(815301076,1909f56bfc062723c751e8b465ee728b)  -> (artifact id: '6c7aaca47c70b634dd732384d8dacda1') in 0.005159 seconds
  Import took 0.007656 seconds .

========================================================================
Received Prepare
Registering precompiled user dll's ...
Registered in 0.000618 seconds.
Begin MonoManager ReloadAssembly
Native extension for WindowsStandalone target not found
Refreshing native plugins compatible for Editor in 0.19 ms, found 0 plugins.
Preloading 0 native plugins for Editor in 0.00 ms.
Mono: successfully reloaded assembly
- Completed reload, in  0.895 seconds
Platform modules already initialized, skipping
Refreshing native plugins compatible for Editor in 0.32 ms, found 0 plugins.
Preloading 0 native plugins for Editor in 0.00 ms.
Unloading 1119 Unused Serialized files (Serialized files now loaded: 0)
System memory in use before: 57.9 MB.
System memory in use after: 58.0 MB.

Unloading 5 unused Assets to reduce memory usage. Loaded Objects now: 1581.
Total: 1.981900 ms (FindLiveObjects: 0.191100 ms CreateObjectMapping: 0.043300 ms MarkObjects: 1.690300 ms  DeleteObjects: 0.054900 ms)

========================================================================
Received Prepare
Refreshing native plugins compatible for Editor in 0.64 ms, found 0 plugins.
Preloading 0 native plugins for Editor in 0.00 ms.
Unloading 3 Unused Serialized files (Serialized files now loaded: 0)
System memory in use before: 35.4 MB.
System memory in use after: 35.5 MB.

Unloading 3 unused Assets to reduce memory usage. Loaded Objects now: 1581.
Total: 2.006400 ms (FindLiveObjects: 0.159400 ms CreateObjectMapping: 0.058000 ms MarkObjects: 1.734700 ms  DeleteObjects: 0.053100 ms)

========================================================================
Received Prepare
Refreshing native plugins compatible for Editor in 0.62 ms, found 0 plugins.
Preloading 0 native plugins for Editor in 0.00 ms.
Unloading 3 Unused Serialized files (Serialized files now loaded: 0)
System memory in use before: 35.4 MB.
System memory in use after: 35.5 MB.

Unloading 3 unused Assets to reduce memory usage. Loaded Objects now: 1581.
Total: 2.035000 ms (FindLiveObjects: 0.128900 ms CreateObjectMapping: 0.037300 ms MarkObjects: 1.824600 ms  DeleteObjects: 0.043100 ms)

========================================================================
Received Prepare
Registering precompiled user dll's ...
Registered in 0.000619 seconds.
Begin MonoManager ReloadAssembly
Native extension for WindowsStandalone target not found
Refreshing native plugins compatible for Editor in 0.18 ms, found 0 plugins.
Preloading 0 native plugins for Editor in 0.00 ms.
Mono: successfully reloaded assembly
- Completed reload, in  0.704 seconds
Platform modules already initialized, skipping
Refreshing native plugins compatible for Editor in 0.18 ms, found 0 plugins.
Preloading 0 native plugins for Editor in 0.00 ms.
Unloading 1119 Unused Serialized files (Serialized files now loaded: 0)
System memory in use before: 57.9 MB.
System memory in use after: 58.0 MB.

Unloading 5 unused Assets to reduce memory usage. Loaded Objects now: 1584.
Total: 1.496600 ms (FindLiveObjects: 0.133700 ms CreateObjectMapping: 0.042200 ms MarkObjects: 1.276600 ms  DeleteObjects: 0.042800 ms)

========================================================================
Received Import Request.
  Time since last request: 797.545781 seconds.
  path: Assets/Scripts/Client.cs
  artifactKey: Guid(e3f5690072b3d444ba85096fe3ac7bb9) Importer(815301076,1909f56bfc062723c751e8b465ee728b)
Start importing Assets/Scripts/Client.cs using Guid(e3f5690072b3d444ba85096fe3ac7bb9) Importer(815301076,1909f56bfc062723c751e8b465ee728b)  -> (artifact id: '062ae7d99ed4651c2843a544fa376127') in 0.009696 seconds
  Import took 0.012148 seconds .

========================================================================
Received Prepare
Registering precompiled user dll's ...
Registered in 0.000624 seconds.
Begin MonoManager ReloadAssembly
Native extension for WindowsStandalone target not found
Refreshing native plugins compatible for Editor in 0.20 ms, found 0 plugins.
Preloading 0 native plugins for Editor in 0.00 ms.
Mono: successfully reloaded assembly
- Completed reload, in  0.811 seconds
Platform modules already initialized, skipping
Refreshing native plugins compatible for Editor in 0.19 ms, found 0 plugins.
Preloading 0 native plugins for Editor in 0.00 ms.
Unloading 1119 Unused Serialized files (Serialized files now loaded: 0)
System memory in use before: 57.9 MB.
System memory in use after: 58.0 MB.

Unloading 5 unused Assets to reduce memory usage. Loaded Objects now: 1587.
Total: 1.734600 ms (FindLiveObjects: 0.114400 ms CreateObjectMapping: 0.038100 ms MarkObjects: 1.535300 ms  DeleteObjects: 0.045600 ms)

========================================================================
Received Prepare
Registering precompiled user dll's ...
Registered in 0.000607 seconds.
Begin MonoManager ReloadAssembly
Native extension for WindowsStandalone target not found
Refreshing native plugins compatible for Editor in 0.19 ms, found 0 plugins.
Preloading 0 native plugins for Editor in 0.00 ms.
Mono: successfully reloaded assembly
- Completed reload, in  0.695 seconds
Platform modules already initialized, skipping
Refreshing native plugins compatible for Editor in 0.18 ms, found 0 plugins.
Preloading 0 native plugins for Editor in 0.00 ms.
Unloading 1119 Unused Serialized files (Serialized files now loaded: 0)
System memory in use before: 57.9 MB.
System memory in use after: 58.0 MB.

Unloading 5 unused Assets to reduce memory usage. Loaded Objects now: 1590.
Total: 2.194500 ms (FindLiveObjects: 0.179500 ms CreateObjectMapping: 0.055300 ms MarkObjects: 1.918200 ms  DeleteObjects: 0.040100 ms)

========================================================================
Received Import Request.
  Time since last request: 250.467383 seconds.
  path: Assets/Prefab/player.prefab
  artifactKey: Guid(0a688821059033745bed1020a96b99d2) Importer(815301076,1909f56bfc062723c751e8b465ee728b)
Start importing Assets/Prefab/player.prefab using Guid(0a688821059033745bed1020a96b99d2) Importer(815301076,1909f56bfc062723c751e8b465ee728b)  -> (artifact id: '7364f7bac1a34259c10e2172095607f7') in 0.033368 seconds
  Import took 0.035564 seconds .

========================================================================
Received Import Request.
  Time since last request: 25.864529 seconds.
  path: Assets/Prefab/player.prefab
  artifactKey: Guid(0a688821059033745bed1020a96b99d2) Importer(815301076,1909f56bfc062723c751e8b465ee728b)
Start importing Assets/Prefab/player.prefab using Guid(0a688821059033745bed1020a96b99d2) Importer(815301076,1909f56bfc062723c751e8b465ee728b)  -> (artifact id: 'ddcc1ddadade6c8175d3276026f8b7b8') in 0.003160 seconds
  Import took 0.005123 seconds .

========================================================================
Received Import Request.
  Time since last request: 6.671814 seconds.
  path: Assets/Prefab/player.prefab
  artifactKey: Guid(0a688821059033745bed1020a96b99d2) Importer(815301076,1909f56bfc062723c751e8b465ee728b)
Start importing Assets/Prefab/player.prefab using Guid(0a688821059033745bed1020a96b99d2) Importer(815301076,1909f56bfc062723c751e8b465ee728b)  -> (artifact id: 'fa17bcfa981f358de72c91ec3270e55b') in 0.063671 seconds
  Import took 0.065728 seconds .

========================================================================
Received Prepare
Registering precompiled user dll's ...
Registered in 0.000640 seconds.
Begin MonoManager ReloadAssembly
Native extension for WindowsStandalone target not found
Refreshing native plugins compatible for Editor in 0.18 ms, found 0 plugins.
Preloading 0 native plugins for Editor in 0.00 ms.
Mono: successfully reloaded assembly
- Completed reload, in  0.695 seconds
Platform modules already initialized, skipping
Refreshing native plugins compatible for Editor in 0.18 ms, found 0 plugins.
Preloading 0 native plugins for Editor in 0.00 ms.
Unloading 1119 Unused Serialized files (Serialized files now loaded: 0)
System memory in use before: 61.1 MB.
System memory in use after: 61.2 MB.

Unloading 6 unused Assets to reduce memory usage. Loaded Objects now: 1601.
Total: 1.684200 ms (FindLiveObjects: 0.173300 ms CreateObjectMapping: 0.044800 ms MarkObjects: 1.415600 ms  DeleteObjects: 0.049000 ms)

========================================================================
Received Import Request.
  Time since last request: 556.253551 seconds.
  path: Assets/Prefab/player.prefab
  artifactKey: Guid(0a688821059033745bed1020a96b99d2) Importer(815301076,1909f56bfc062723c751e8b465ee728b)
Start importing Assets/Prefab/player.prefab using Guid(0a688821059033745bed1020a96b99d2) Importer(815301076,1909f56bfc062723c751e8b465ee728b)  -> (artifact id: '47ee81600add244011d80889add7c53e') in 0.060254 seconds
  Import took 0.062459 seconds .

========================================================================
Received Prepare
Registering precompiled user dll's ...
Registered in 0.001392 seconds.
Begin MonoManager ReloadAssembly
Native extension for WindowsStandalone target not found
Refreshing native plugins compatible for Editor in 0.19 ms, found 0 plugins.
Preloading 0 native plugins for Editor in 0.00 ms.
Mono: successfully reloaded assembly
- Completed reload, in  0.671 seconds
Platform modules already initialized, skipping
Refreshing native plugins compatible for Editor in 0.18 ms, found 0 plugins.
Preloading 0 native plugins for Editor in 0.00 ms.
Unloading 1119 Unused Serialized files (Serialized files now loaded: 0)
System memory in use before: 61.1 MB.
System memory in use after: 61.2 MB.

Unloading 6 unused Assets to reduce memory usage. Loaded Objects now: 1605.
Total: 1.599400 ms (FindLiveObjects: 0.121800 ms CreateObjectMapping: 0.030400 ms MarkObjects: 1.404300 ms  DeleteObjects: 0.041700 ms)

========================================================================
Received Import Request.
  Time since last request: 120.429160 seconds.
  path: Assets/Prefab/player.prefab
  artifactKey: Guid(0a688821059033745bed1020a96b99d2) Importer(815301076,1909f56bfc062723c751e8b465ee728b)
Start importing Assets/Prefab/player.prefab using Guid(0a688821059033745bed1020a96b99d2) Importer(815301076,1909f56bfc062723c751e8b465ee728b)  -> (artifact id: 'd44698d0df2d88c9f8bb44eaab92be5c') in 0.055900 seconds
  Import took 0.058309 seconds .

========================================================================
Received Prepare
Registering precompiled user dll's ...
Registered in 0.000585 seconds.
Begin MonoManager ReloadAssembly
Native extension for WindowsStandalone target not found
Refreshing native plugins compatible for Editor in 0.19 ms, found 0 plugins.
Preloading 0 native plugins for Editor in 0.00 ms.
Mono: successfully reloaded assembly
- Completed reload, in  0.692 seconds
Platform modules already initialized, skipping
Refreshing native plugins compatible for Editor in 0.18 ms, found 0 plugins.
Preloading 0 native plugins for Editor in 0.00 ms.
Unloading 1119 Unused Serialized files (Serialized files now loaded: 0)
System memory in use before: 61.1 MB.
System memory in use after: 61.2 MB.

Unloading 6 unused Assets to reduce memory usage. Loaded Objects now: 1609.
Total: 1.643100 ms (FindLiveObjects: 0.127200 ms CreateObjectMapping: 0.041500 ms MarkObjects: 1.424400 ms  DeleteObjects: 0.048700 ms)

========================================================================
Received Prepare
Registering precompiled user dll's ...
Registered in 0.000816 seconds.
Begin MonoManager ReloadAssembly
Native extension for WindowsStandalone target not found
Refreshing native plugins compatible for Editor in 0.25 ms, found 0 plugins.
Preloading 0 native plugins for Editor in 0.00 ms.
Mono: successfully reloaded assembly
- Completed reload, in  0.861 seconds
Platform modules already initialized, skipping
Refreshing native plugins compatible for Editor in 0.23 ms, found 0 plugins.
Preloading 0 native plugins for Editor in 0.00 ms.
Unloading 1119 Unused Serialized files (Serialized files now loaded: 0)
System memory in use before: 61.1 MB.
System memory in use after: 61.2 MB.

Unloading 5 unused Assets to reduce memory usage. Loaded Objects now: 1612.
Total: 1.586900 ms (FindLiveObjects: 0.133100 ms CreateObjectMapping: 0.042200 ms MarkObjects: 1.364300 ms  DeleteObjects: 0.046100 ms)

========================================================================
Received Prepare
Registering precompiled user dll's ...
Registered in 0.000595 seconds.
Begin MonoManager ReloadAssembly
Native extension for WindowsStandalone target not found
Refreshing native plugins compatible for Editor in 0.19 ms, found 0 plugins.
Preloading 0 native plugins for Editor in 0.00 ms.
Mono: successfully reloaded assembly
- Completed reload, in  0.720 seconds
Platform modules already initialized, skipping
Refreshing native plugins compatible for Editor in 0.18 ms, found 0 plugins.
Preloading 0 native plugins for Editor in 0.00 ms.
Unloading 1119 Unused Serialized files (Serialized files now loaded: 0)
System memory in use before: 61.1 MB.
System memory in use after: 61.2 MB.

Unloading 5 unused Assets to reduce memory usage. Loaded Objects now: 1615.
Total: 3.020800 ms (FindLiveObjects: 0.205800 ms CreateObjectMapping: 0.057600 ms MarkObjects: 2.678900 ms  DeleteObjects: 0.077000 ms)

========================================================================
Received Prepare
Registering precompiled user dll's ...
Registered in 0.000650 seconds.
Begin MonoManager ReloadAssembly
Native extension for WindowsStandalone target not found
Refreshing native plugins compatible for Editor in 0.19 ms, found 0 plugins.
Preloading 0 native plugins for Editor in 0.00 ms.
Mono: successfully reloaded assembly
- Completed reload, in  0.692 seconds
Platform modules already initialized, skipping
Refreshing native plugins compatible for Editor in 0.18 ms, found 0 plugins.
Preloading 0 native plugins for Editor in 0.00 ms.
Unloading 1119 Unused Serialized files (Serialized files now loaded: 0)
System memory in use before: 61.1 MB.
System memory in use after: 61.2 MB.

Unloading 5 unused Assets to reduce memory usage. Loaded Objects now: 1618.
Total: 1.790200 ms (FindLiveObjects: 0.135200 ms CreateObjectMapping: 0.049400 ms MarkObjects: 1.557900 ms  DeleteObjects: 0.046500 ms)

========================================================================
Received Prepare
Registering precompiled user dll's ...
Registered in 0.000628 seconds.
Begin MonoManager ReloadAssembly
Native extension for WindowsStandalone target not found
Refreshing native plugins compatible for Editor in 0.19 ms, found 0 plugins.
Preloading 0 native plugins for Editor in 0.00 ms.
Mono: successfully reloaded assembly
- Completed reload, in  0.689 seconds
Platform modules already initialized, skipping
Refreshing native plugins compatible for Editor in 0.18 ms, found 0 plugins.
Preloading 0 native plugins for Editor in 0.00 ms.
Unloading 1119 Unused Serialized files (Serialized files now loaded: 0)
System memory in use before: 61.1 MB.
System memory in use after: 61.2 MB.

Unloading 5 unused Assets to reduce memory usage. Loaded Objects now: 1621.
Total: 1.682800 ms (FindLiveObjects: 0.129200 ms CreateObjectMapping: 0.039000 ms MarkObjects: 1.468200 ms  DeleteObjects: 0.045100 ms)

========================================================================
Received Prepare
Registering precompiled user dll's ...
Registered in 0.000842 seconds.
Begin MonoManager ReloadAssembly
Native extension for WindowsStandalone target not found
Refreshing native plugins compatible for Editor in 0.26 ms, found 0 plugins.
Preloading 0 native plugins for Editor in 0.00 ms.
Mono: successfully reloaded assembly
- Completed reload, in  0.977 seconds
Platform modules already initialized, skipping
Refreshing native plugins compatible for Editor in 0.23 ms, found 0 plugins.
Preloading 0 native plugins for Editor in 0.00 ms.
Unloading 1119 Unused Serialized files (Serialized files now loaded: 0)
System memory in use before: 61.1 MB.
System memory in use after: 61.2 MB.

Unloading 5 unused Assets to reduce memory usage. Loaded Objects now: 1624.
Total: 2.188500 ms (FindLiveObjects: 0.299500 ms CreateObjectMapping: 0.089100 ms MarkObjects: 1.720900 ms  DeleteObjects: 0.077000 ms)

========================================================================
Received Prepare
Registering precompiled user dll's ...
Registered in 0.000678 seconds.
Begin MonoManager ReloadAssembly
Native extension for WindowsStandalone target not found
Refreshing native plugins compatible for Editor in 0.18 ms, found 0 plugins.
Preloading 0 native plugins for Editor in 0.00 ms.
Mono: successfully reloaded assembly
- Completed reload, in  0.705 seconds
Platform modules already initialized, skipping
Refreshing native plugins compatible for Editor in 0.19 ms, found 0 plugins.
Preloading 0 native plugins for Editor in 0.00 ms.
Unloading 1119 Unused Serialized files (Serialized files now loaded: 0)
System memory in use before: 61.1 MB.
System memory in use after: 61.2 MB.

Unloading 5 unused Assets to reduce memory usage. Loaded Objects now: 1627.
Total: 1.820900 ms (FindLiveObjects: 0.139300 ms CreateObjectMapping: 0.034700 ms MarkObjects: 1.582200 ms  DeleteObjects: 0.063500 ms)

========================================================================
Received Import Request.
  Time since last request: 2102.679016 seconds.
  path: Assets/Scripts/NetworkManager.cs
  artifactKey: Guid(21df5aacde0e56240abb4a4be976548f) Importer(815301076,1909f56bfc062723c751e8b465ee728b)
Start importing Assets/Scripts/NetworkManager.cs using Guid(21df5aacde0e56240abb4a4be976548f) Importer(815301076,1909f56bfc062723c751e8b465ee728b)  -> (artifact id: 'ff616c62d24a43add7d66a7f5b7698aa') in 0.003729 seconds
  Import took 0.005777 seconds .

========================================================================
Received Import Request.
  Time since last request: 0.026060 seconds.
  path: Assets/Scripts/NetworkManager.cs
  artifactKey: Guid(21df5aacde0e56240abb4a4be976548f) Importer(815301076,1909f56bfc062723c751e8b465ee728b)
Start importing Assets/Scripts/NetworkManager.cs using Guid(21df5aacde0e56240abb4a4be976548f) Importer(815301076,1909f56bfc062723c751e8b465ee728b)  -> (artifact id: 'ff616c62d24a43add7d66a7f5b7698aa') in 0.001951 seconds
  Import took 0.003792 seconds .

========================================================================
Received Prepare
Registering precompiled user dll's ...
Registered in 0.000611 seconds.
Begin MonoManager ReloadAssembly
Native extension for WindowsStandalone target not found
Refreshing native plugins compatible for Editor in 0.21 ms, found 0 plugins.
Preloading 0 native plugins for Editor in 0.00 ms.
Mono: successfully reloaded assembly
- Completed reload, in  0.710 seconds
Platform modules already initialized, skipping
Refreshing native plugins compatible for Editor in 0.19 ms, found 0 plugins.
Preloading 0 native plugins for Editor in 0.00 ms.
Unloading 1119 Unused Serialized files (Serialized files now loaded: 0)
System memory in use before: 61.2 MB.
System memory in use after: 61.3 MB.

Unloading 5 unused Assets to reduce memory usage. Loaded Objects now: 1630.
Total: 2.635100 ms (FindLiveObjects: 0.188200 ms CreateObjectMapping: 0.072900 ms MarkObjects: 2.296700 ms  DeleteObjects: 0.075500 ms)

========================================================================
Received Import Request.
  Time since last request: 290.533197 seconds.
  path: Assets/Scripts/NetworkManager.cs
  artifactKey: Guid(21df5aacde0e56240abb4a4be976548f) Importer(815301076,1909f56bfc062723c751e8b465ee728b)
Start importing Assets/Scripts/NetworkManager.cs using Guid(21df5aacde0e56240abb4a4be976548f) Importer(815301076,1909f56bfc062723c751e8b465ee728b)  -> (artifact id: '944602b086ff8517fb4b267b436c7665') in 0.003792 seconds
  Import took 0.005532 seconds .

========================================================================
Received Prepare
Registering precompiled user dll's ...
Registered in 0.000704 seconds.
Begin MonoManager ReloadAssembly
Native extension for WindowsStandalone target not found
Refreshing native plugins compatible for Editor in 0.21 ms, found 0 plugins.
Preloading 0 native plugins for Editor in 0.00 ms.
Mono: successfully reloaded assembly
- Completed reload, in  0.861 seconds
Platform modules already initialized, skipping
Refreshing native plugins compatible for Editor in 0.19 ms, found 0 plugins.
Preloading 0 native plugins for Editor in 0.00 ms.
Unloading 1166 Unused Serialized files (Serialized files now loaded: 0)
System memory in use before: 64.1 MB.
System memory in use after: 63.6 MB.

Unloading 18 unused Assets to reduce memory usage. Loaded Objects now: 1667.
Total: 2.205400 ms (FindLiveObjects: 0.160900 ms CreateObjectMapping: 0.063500 ms MarkObjects: 1.642300 ms  DeleteObjects: 0.336400 ms)

========================================================================
Received Prepare
Registering precompiled user dll's ...
Registered in 0.000632 seconds.
Begin MonoManager ReloadAssembly
Native extension for WindowsStandalone target not found
Refreshing native plugins compatible for Editor in 0.20 ms, found 0 plugins.
Preloading 0 native plugins for Editor in 0.00 ms.
Mono: successfully reloaded assembly
- Completed reload, in  0.743 seconds
Platform modules already initialized, skipping
Refreshing native plugins compatible for Editor in 0.20 ms, found 0 plugins.
Preloading 0 native plugins for Editor in 0.00 ms.
Unloading 1166 Unused Serialized files (Serialized files now loaded: 0)
System memory in use before: 64.1 MB.
System memory in use after: 63.6 MB.

Unloading 18 unused Assets to reduce memory usage. Loaded Objects now: 1670.
Total: 2.149000 ms (FindLiveObjects: 0.303000 ms CreateObjectMapping: 0.087300 ms MarkObjects: 1.455300 ms  DeleteObjects: 0.302000 ms)

========================================================================
Received Prepare
Registering precompiled user dll's ...
Registered in 0.000694 seconds.
Begin MonoManager ReloadAssembly
Native extension for WindowsStandalone target not found
Refreshing native plugins compatible for Editor in 0.21 ms, found 0 plugins.
Preloading 0 native plugins for Editor in 0.00 ms.
Mono: successfully reloaded assembly
- Completed reload, in  0.697 seconds
Platform modules already initialized, skipping
Refreshing native plugins compatible for Editor in 0.20 ms, found 0 plugins.
Preloading 0 native plugins for Editor in 0.00 ms.
Unloading 1166 Unused Serialized files (Serialized files now loaded: 0)
System memory in use before: 64.1 MB.
System memory in use after: 63.6 MB.

Unloading 18 unused Assets to reduce memory usage. Loaded Objects now: 1673.
Total: 2.150500 ms (FindLiveObjects: 0.157900 ms CreateObjectMapping: 0.055500 ms MarkObjects: 1.627800 ms  DeleteObjects: 0.308200 ms)

========================================================================
Received Prepare
Registering precompiled user dll's ...
Registered in 0.000690 seconds.
Begin MonoManager ReloadAssembly
Native extension for WindowsStandalone target not found
Refreshing native plugins compatible for Editor in 0.20 ms, found 0 plugins.
Preloading 0 native plugins for Editor in 0.00 ms.
Mono: successfully reloaded assembly
- Completed reload, in  0.711 seconds
Platform modules already initialized, skipping
Refreshing native plugins compatible for Editor in 0.20 ms, found 0 plugins.
Preloading 0 native plugins for Editor in 0.00 ms.
Unloading 1166 Unused Serialized files (Serialized files now loaded: 0)
System memory in use before: 64.2 MB.
System memory in use after: 63.6 MB.

Unloading 18 unused Assets to reduce memory usage. Loaded Objects now: 1676.
Total: 2.011900 ms (FindLiveObjects: 0.134100 ms CreateObjectMapping: 0.047800 ms MarkObjects: 1.512100 ms  DeleteObjects: 0.316600 ms)

========================================================================
Received Prepare
Registering precompiled user dll's ...
Registered in 0.000641 seconds.
Begin MonoManager ReloadAssembly
Native extension for WindowsStandalone target not found
Refreshing native plugins compatible for Editor in 0.21 ms, found 0 plugins.
Preloading 0 native plugins for Editor in 0.00 ms.
Mono: successfully reloaded assembly
- Completed reload, in  0.744 seconds
Platform modules already initialized, skipping
Refreshing native plugins compatible for Editor in 0.20 ms, found 0 plugins.
Preloading 0 native plugins for Editor in 0.00 ms.
Unloading 1166 Unused Serialized files (Serialized files now loaded: 0)
System memory in use before: 64.2 MB.
System memory in use after: 63.6 MB.

Unloading 18 unused Assets to reduce memory usage. Loaded Objects now: 1679.
Total: 1.874000 ms (FindLiveObjects: 0.142400 ms CreateObjectMapping: 0.032900 ms MarkObjects: 1.382000 ms  DeleteObjects: 0.315300 ms)

========================================================================
Received Prepare
Registering precompiled user dll's ...
Registered in 0.000690 seconds.
Begin MonoManager ReloadAssembly
Native extension for WindowsStandalone target not found
Refreshing native plugins compatible for Editor in 0.20 ms, found 0 plugins.
Preloading 0 native plugins for Editor in 0.00 ms.
Mono: successfully reloaded assembly
- Completed reload, in  0.740 seconds
Platform modules already initialized, skipping
Refreshing native plugins compatible for Editor in 0.19 ms, found 0 plugins.
Preloading 0 native plugins for Editor in 0.00 ms.
Unloading 1166 Unused Serialized files (Serialized files now loaded: 0)
System memory in use before: 64.2 MB.
System memory in use after: 63.6 MB.

Unloading 18 unused Assets to reduce memory usage. Loaded Objects now: 1682.
Total: 2.542100 ms (FindLiveObjects: 0.189300 ms CreateObjectMapping: 0.061200 ms MarkObjects: 1.975000 ms  DeleteObjects: 0.314800 ms)

========================================================================
Received Import Request.
  Time since last request: 1671.152247 seconds.
  path: Assets/Scripts/Packet.cs
  artifactKey: Guid(b09e8f4e17c1e6943a34f01f7e0b658a) Importer(815301076,1909f56bfc062723c751e8b465ee728b)
Start importing Assets/Scripts/Packet.cs using Guid(b09e8f4e17c1e6943a34f01f7e0b658a) Importer(815301076,1909f56bfc062723c751e8b465ee728b)  -> (artifact id: '89711280397643a8206174d171c48ee7') in 0.007473 seconds
  Import took 0.009283 seconds .

========================================================================
Received Prepare
Registering precompiled user dll's ...
Registered in 0.000670 seconds.
Begin MonoManager ReloadAssembly
Native extension for WindowsStandalone target not found
Refreshing native plugins compatible for Editor in 0.20 ms, found 0 plugins.
Preloading 0 native plugins for Editor in 0.00 ms.
Mono: successfully reloaded assembly
- Completed reload, in  0.715 seconds
Platform modules already initialized, skipping
Refreshing native plugins compatible for Editor in 0.20 ms, found 0 plugins.
Preloading 0 native plugins for Editor in 0.00 ms.
Unloading 1166 Unused Serialized files (Serialized files now loaded: 0)
System memory in use before: 64.2 MB.
System memory in use after: 63.6 MB.

Unloading 18 unused Assets to reduce memory usage. Loaded Objects now: 1685.
Total: 2.465400 ms (FindLiveObjects: 0.445400 ms CreateObjectMapping: 0.126500 ms MarkObjects: 1.529700 ms  DeleteObjects: 0.361000 ms)

========================================================================
Received Import Request.
  Time since last request: 1775.674326 seconds.
  path: Assets/Scripts/Packet.cs
  artifactKey: Guid(b09e8f4e17c1e6943a34f01f7e0b658a) Importer(815301076,1909f56bfc062723c751e8b465ee728b)
Start importing Assets/Scripts/Packet.cs using Guid(b09e8f4e17c1e6943a34f01f7e0b658a) Importer(815301076,1909f56bfc062723c751e8b465ee728b)  -> (artifact id: '9e7ebb907b193adce99588b3835e422e') in 0.004216 seconds
  Import took 0.006022 seconds .

========================================================================
Received Prepare
Refreshing native plugins compatible for Editor in 0.68 ms, found 0 plugins.
Preloading 0 native plugins for Editor in 0.00 ms.
Unloading 16 Unused Serialized files (Serialized files now loaded: 0)
System memory in use before: 41.0 MB.
System memory in use after: 40.4 MB.

Unloading 16 unused Assets to reduce memory usage. Loaded Objects now: 1685.
Total: 2.184700 ms (FindLiveObjects: 0.145000 ms CreateObjectMapping: 0.048400 ms MarkObjects: 1.667300 ms  DeleteObjects: 0.323300 ms)

AssetImportWorkerClient::OnTransportError - code=2 error=End of file
