Using pre-set license
Built from '2020.3/staging' branch; Version is '2020.3.5f1 (8095aa901b9b) revision 8426922'; Using compiler version '192528614'; Build Type 'Release'
OS: 'Windows 10 Home Single Language; OS build 19042.985; Version 2009; 64bit' Language: 'en' Physical Memory: 16226 MB
BatchMode: 1, IsHumanControllingUs: 0, StartBugReporterOnCrash: 0, Is64bit: 1, IsPro: 0

 COMMAND LINE ARGUMENTS:
C:\Program Files\Unity\Hub\Editor\2020.3.5f1\Editor\Unity.exe
-adb2
-batchMode
-noUpm
-name
AssetImportWorker0
-projectPath
D:/PASSION/C# networking/Unity_GameServer
-logFile
Logs/AssetImportWorker0.log
-srvPort
62792
Successfully changed project path to: D:/PASSION/C# networking/Unity_GameServer
D:/PASSION/C# networking/Unity_GameServer
Using Asset Import Pipeline V2.
Refreshing native plugins compatible for Editor in 24.83 ms, found 0 plugins.
Preloading 0 native plugins for Editor in 0.00 ms.
Initialize engine version: 2020.3.5f1 (8095aa901b9b)
[Subsystems] Discovering subsystems at path C:/Program Files/Unity/Hub/Editor/2020.3.5f1/Editor/Data/Resources/UnitySubsystems
[Subsystems] Discovering subsystems at path D:/PASSION/C# networking/Unity_GameServer/Assets
GfxDevice: creating device client; threaded=0
Direct3D:
    Version:  Direct3D 11.0 [level 11.1]
    Renderer: NVIDIA GeForce GTX 1060 (ID=0x1c20)
    Vendor:   
    VRAM:     6052 MB
    Driver:   27.21.14.6627
Initialize mono
Mono path[0] = 'C:/Program Files/Unity/Hub/Editor/2020.3.5f1/Editor/Data/Managed'
Mono path[1] = 'C:/Program Files/Unity/Hub/Editor/2020.3.5f1/Editor/Data/MonoBleedingEdge/lib/mono/unityjit'
Mono config path = 'C:/Program Files/Unity/Hub/Editor/2020.3.5f1/Editor/Data/MonoBleedingEdge/etc'
Using monoOptions --debugger-agent=transport=dt_socket,embedding=1,server=y,suspend=n,address=127.0.0.1:56096
Begin MonoManager ReloadAssembly
Registering precompiled unity dll's ...
Register platform support module: C:/Program Files/Unity/Hub/Editor/2020.3.5f1/Editor/Data/PlaybackEngines/WindowsStandaloneSupport/UnityEditor.WindowsStandalone.Extensions.dll
Registered in 0.001481 seconds.
Native extension for WindowsStandalone target not found
Refreshing native plugins compatible for Editor in 21.49 ms, found 0 plugins.
Preloading 0 native plugins for Editor in 0.00 ms.
Mono: successfully reloaded assembly
- Completed reload, in  1.907 seconds
Platform modules already initialized, skipping
Registering precompiled user dll's ...
Registered in 0.000602 seconds.
Begin MonoManager ReloadAssembly
Native extension for WindowsStandalone target not found
Refreshing native plugins compatible for Editor in 0.18 ms, found 0 plugins.
Preloading 0 native plugins for Editor in 0.00 ms.
Mono: successfully reloaded assembly
- Completed reload, in  0.766 seconds
Platform modules already initialized, skipping
========================================================================
Worker process is ready to serve import requests
Launched and connected shader compiler UnityShaderCompiler.exe after 0.04 seconds
Refreshing native plugins compatible for Editor in 0.18 ms, found 0 plugins.
Preloading 0 native plugins for Editor in 0.00 ms.
Unloading 1115 Unused Serialized files (Serialized files now loaded: 0)
System memory in use before: 57.1 MB.
System memory in use after: 57.2 MB.

Unloading 10 unused Assets to reduce memory usage. Loaded Objects now: 1557.
Total: 1.770200 ms (FindLiveObjects: 0.113500 ms CreateObjectMapping: 0.038300 ms MarkObjects: 1.546200 ms  DeleteObjects: 0.071200 ms)

========================================================================
Received Import Request.
  path: Assets
  artifactKey: Guid(00000000000000001000000000000000) Importer(815301076,1909f56bfc062723c751e8b465ee728b)
Start importing Assets using Guid(00000000000000001000000000000000) Importer(815301076,1909f56bfc062723c751e8b465ee728b)  -> (artifact id: 'e4856052512617ee48189cf1d7999900') in 0.008635 seconds
  Import took 0.064802 seconds .

========================================================================
Received Import Request.
  Time since last request: 0.000336 seconds.
  path: Assets/Scenes
  artifactKey: Guid(e65e0665981830144a58a5e8616ebece) Importer(815301076,1909f56bfc062723c751e8b465ee728b)
Start importing Assets/Scenes using Guid(e65e0665981830144a58a5e8616ebece) Importer(815301076,1909f56bfc062723c751e8b465ee728b)  -> (artifact id: '6913bcafdc5ee874303b20c12aaa0a49') in 0.005204 seconds
  Import took 0.007104 seconds .

========================================================================
Received Import Request.
  Time since last request: 0.000288 seconds.
  path: Assets/Scenes/SampleScene.unity
  artifactKey: Guid(9fc0d4010bbf28b4594072e72b8655ab) Importer(815301076,1909f56bfc062723c751e8b465ee728b)
Start importing Assets/Scenes/SampleScene.unity using Guid(9fc0d4010bbf28b4594072e72b8655ab) Importer(815301076,1909f56bfc062723c751e8b465ee728b)  -> (artifact id: '02a2e40e81d35f9ada7821be9923d9eb') in 0.012403 seconds
  Import took 0.014351 seconds .

========================================================================
Received Import Request.
  Time since last request: 9.162357 seconds.
  path: Assets/Scenes/Server.unity
  artifactKey: Guid(9fc0d4010bbf28b4594072e72b8655ab) Importer(815301076,1909f56bfc062723c751e8b465ee728b)
Start importing Assets/Scenes/Server.unity using Guid(9fc0d4010bbf28b4594072e72b8655ab) Importer(815301076,1909f56bfc062723c751e8b465ee728b)  -> (artifact id: '1ecfea4f2d697a0abbd0b2ee8f220057') in 0.006158 seconds
  Import took 0.046240 seconds .

========================================================================
Received Import Request.
  Time since last request: 9.520697 seconds.
  path: Assets/Scenes/Scripts
  artifactKey: Guid(fd6fc28b11d4b2845a78e30eedcf4638) Importer(815301076,1909f56bfc062723c751e8b465ee728b)
Start importing Assets/Scenes/Scripts using Guid(fd6fc28b11d4b2845a78e30eedcf4638) Importer(815301076,1909f56bfc062723c751e8b465ee728b)  -> (artifact id: '62f63381ab1e4a91afa0adde87bdce15') in 0.006706 seconds
  Import took 0.094059 seconds .

========================================================================
Received Import Request.
  Time since last request: 13.394884 seconds.
  path: Assets/Scenes/Scripts/Server.cs
  artifactKey: Guid(a9334efdbda6c5e44b9e1ca4f40a917e) Importer(815301076,1909f56bfc062723c751e8b465ee728b)
Start importing Assets/Scenes/Scripts/Server.cs using Guid(a9334efdbda6c5e44b9e1ca4f40a917e) Importer(815301076,1909f56bfc062723c751e8b465ee728b)  -> (artifact id: 'f3b4ef314823a4ee9d960c836ca55508') in 0.042015 seconds
  Import took 0.070465 seconds .

========================================================================
Received Prepare
Registering precompiled user dll's ...
Registered in 0.000553 seconds.
Begin MonoManager ReloadAssembly
Native extension for WindowsStandalone target not found
Refreshing native plugins compatible for Editor in 0.29 ms, found 0 plugins.
Preloading 0 native plugins for Editor in 0.00 ms.
Mono: successfully reloaded assembly
- Completed reload, in  0.698 seconds
Platform modules already initialized, skipping
Refreshing native plugins compatible for Editor in 0.18 ms, found 0 plugins.
Preloading 0 native plugins for Editor in 0.00 ms.
Unloading 1111 Unused Serialized files (Serialized files now loaded: 0)
System memory in use before: 57.1 MB.
System memory in use after: 57.2 MB.

Unloading 5 unused Assets to reduce memory usage. Loaded Objects now: 1561.
Total: 1.783900 ms (FindLiveObjects: 0.227200 ms CreateObjectMapping: 0.037400 ms MarkObjects: 1.440800 ms  DeleteObjects: 0.077700 ms)

========================================================================
Received Import Request.
  Time since last request: 4.632060 seconds.
  path: Assets/Scenes/Scripts/NewBehaviourScript.cs
  artifactKey: Guid(0d12baeb15f9e1d40a231d8f4b6f4376) Importer(815301076,1909f56bfc062723c751e8b465ee728b)
Start importing Assets/Scenes/Scripts/NewBehaviourScript.cs using Guid(0d12baeb15f9e1d40a231d8f4b6f4376) Importer(815301076,1909f56bfc062723c751e8b465ee728b)  -> (artifact id: '5f46b3a13b6eb4cee557027058983486') in 0.007105 seconds
  Import took 0.008771 seconds .

========================================================================
Received Prepare
Registering precompiled user dll's ...
Registered in 0.000561 seconds.
Begin MonoManager ReloadAssembly
Native extension for WindowsStandalone target not found
Refreshing native plugins compatible for Editor in 0.18 ms, found 0 plugins.
Preloading 0 native plugins for Editor in 0.00 ms.
Mono: successfully reloaded assembly
- Completed reload, in  0.695 seconds
Platform modules already initialized, skipping
Refreshing native plugins compatible for Editor in 0.28 ms, found 0 plugins.
Preloading 0 native plugins for Editor in 0.00 ms.
Unloading 1112 Unused Serialized files (Serialized files now loaded: 0)
System memory in use before: 57.1 MB.
System memory in use after: 57.2 MB.

Unloading 5 unused Assets to reduce memory usage. Loaded Objects now: 1565.
Total: 1.795600 ms (FindLiveObjects: 0.186900 ms CreateObjectMapping: 0.033500 ms MarkObjects: 1.531600 ms  DeleteObjects: 0.043000 ms)

========================================================================
Received Import Request.
  Time since last request: 19.445297 seconds.
  path: Assets/Scenes/Scripts/ServerHandle.cs
  artifactKey: Guid(0d12baeb15f9e1d40a231d8f4b6f4376) Importer(815301076,1909f56bfc062723c751e8b465ee728b)
Start importing Assets/Scenes/Scripts/ServerHandle.cs using Guid(0d12baeb15f9e1d40a231d8f4b6f4376) Importer(815301076,1909f56bfc062723c751e8b465ee728b)  -> (artifact id: '24e33c33d5f47ba31c557afa049a8d3b') in 0.007158 seconds
  Import took 0.009231 seconds .

========================================================================
Received Prepare
Registering precompiled user dll's ...
Registered in 0.000576 seconds.
Begin MonoManager ReloadAssembly
Native extension for WindowsStandalone target not found
Refreshing native plugins compatible for Editor in 0.21 ms, found 0 plugins.
Preloading 0 native plugins for Editor in 0.00 ms.
Mono: successfully reloaded assembly
- Completed reload, in  0.700 seconds
Platform modules already initialized, skipping
Refreshing native plugins compatible for Editor in 0.21 ms, found 0 plugins.
Preloading 0 native plugins for Editor in 0.00 ms.
Unloading 1112 Unused Serialized files (Serialized files now loaded: 0)
System memory in use before: 57.1 MB.
System memory in use after: 57.2 MB.

Unloading 5 unused Assets to reduce memory usage. Loaded Objects now: 1568.
Total: 1.764400 ms (FindLiveObjects: 0.136200 ms CreateObjectMapping: 0.040700 ms MarkObjects: 1.541500 ms  DeleteObjects: 0.044900 ms)

========================================================================
Received Import Request.
  Time since last request: 9.106664 seconds.
  path: Assets/Scenes/Scripts/Client.cs
  artifactKey: Guid(e3f5690072b3d444ba85096fe3ac7bb9) Importer(815301076,1909f56bfc062723c751e8b465ee728b)
Start importing Assets/Scenes/Scripts/Client.cs using Guid(e3f5690072b3d444ba85096fe3ac7bb9) Importer(815301076,1909f56bfc062723c751e8b465ee728b)  -> (artifact id: '76d470a96174fa71d536e77cd3091f0a') in 0.006816 seconds
  Import took 0.025498 seconds .

========================================================================
Received Prepare
Registering precompiled user dll's ...
Registered in 0.000568 seconds.
Begin MonoManager ReloadAssembly
Native extension for WindowsStandalone target not found
Refreshing native plugins compatible for Editor in 0.18 ms, found 0 plugins.
Preloading 0 native plugins for Editor in 0.00 ms.
Mono: successfully reloaded assembly
- Completed reload, in  0.685 seconds
Platform modules already initialized, skipping
Refreshing native plugins compatible for Editor in 0.18 ms, found 0 plugins.
Preloading 0 native plugins for Editor in 0.00 ms.
Unloading 1113 Unused Serialized files (Serialized files now loaded: 0)
System memory in use before: 57.2 MB.
System memory in use after: 57.2 MB.

Unloading 5 unused Assets to reduce memory usage. Loaded Objects now: 1572.
Total: 1.681000 ms (FindLiveObjects: 0.148200 ms CreateObjectMapping: 0.046600 ms MarkObjects: 1.438800 ms  DeleteObjects: 0.046300 ms)

========================================================================
Received Import Request.
  Time since last request: 12.074061 seconds.
  path: Assets/Scenes/Scripts/ServerSend.cs
  artifactKey: Guid(bd3549ffd7bee9a4da3921222188c419) Importer(815301076,1909f56bfc062723c751e8b465ee728b)
Start importing Assets/Scenes/Scripts/ServerSend.cs using Guid(bd3549ffd7bee9a4da3921222188c419) Importer(815301076,1909f56bfc062723c751e8b465ee728b)  -> (artifact id: '54868f633fbb17f3feac2b46e57973d6') in 0.006681 seconds
  Import took 0.021780 seconds .

========================================================================
Received Prepare
Registering precompiled user dll's ...
Registered in 0.000569 seconds.
Begin MonoManager ReloadAssembly
Native extension for WindowsStandalone target not found
Refreshing native plugins compatible for Editor in 0.18 ms, found 0 plugins.
Preloading 0 native plugins for Editor in 0.00 ms.
Mono: successfully reloaded assembly
- Completed reload, in  0.688 seconds
Platform modules already initialized, skipping
Refreshing native plugins compatible for Editor in 0.22 ms, found 0 plugins.
Preloading 0 native plugins for Editor in 0.00 ms.
Unloading 1114 Unused Serialized files (Serialized files now loaded: 0)
System memory in use before: 57.2 MB.
System memory in use after: 57.3 MB.

Unloading 5 unused Assets to reduce memory usage. Loaded Objects now: 1576.
Total: 1.617000 ms (FindLiveObjects: 0.142900 ms CreateObjectMapping: 0.053600 ms MarkObjects: 1.366800 ms  DeleteObjects: 0.052800 ms)

========================================================================
Received Import Request.
  Time since last request: 20.482118 seconds.
  path: Assets/Scenes/Scripts/ThreadManager.cs
  artifactKey: Guid(8c971967a3eea95438d64bd0ccf7772c) Importer(815301076,1909f56bfc062723c751e8b465ee728b)
Start importing Assets/Scenes/Scripts/ThreadManager.cs using Guid(8c971967a3eea95438d64bd0ccf7772c) Importer(815301076,1909f56bfc062723c751e8b465ee728b)  -> (artifact id: 'de8f2378c5e4058a37af81d913270655') in 0.007689 seconds
  Import took 0.009449 seconds .

========================================================================
Received Prepare
Registering precompiled user dll's ...
Registered in 0.000552 seconds.
Begin MonoManager ReloadAssembly
Native extension for WindowsStandalone target not found
Refreshing native plugins compatible for Editor in 0.19 ms, found 0 plugins.
Preloading 0 native plugins for Editor in 0.00 ms.
Mono: successfully reloaded assembly
- Completed reload, in  0.702 seconds
Platform modules already initialized, skipping
Refreshing native plugins compatible for Editor in 0.22 ms, found 0 plugins.
Preloading 0 native plugins for Editor in 0.00 ms.
Unloading 1115 Unused Serialized files (Serialized files now loaded: 0)
System memory in use before: 57.2 MB.
System memory in use after: 57.3 MB.

Unloading 5 unused Assets to reduce memory usage. Loaded Objects now: 1580.
Total: 1.771700 ms (FindLiveObjects: 0.123100 ms CreateObjectMapping: 0.044200 ms MarkObjects: 1.555700 ms  DeleteObjects: 0.047700 ms)

========================================================================
Received Import Request.
  Time since last request: 70.017755 seconds.
  path: Assets/Scenes/Scripts/Packet.cs
  artifactKey: Guid(b09e8f4e17c1e6943a34f01f7e0b658a) Importer(815301076,1909f56bfc062723c751e8b465ee728b)
Start importing Assets/Scenes/Scripts/Packet.cs using Guid(b09e8f4e17c1e6943a34f01f7e0b658a) Importer(815301076,1909f56bfc062723c751e8b465ee728b)  -> (artifact id: '1dd7bce05270225fda726e6ae2c0fffd') in 0.008019 seconds
  Import took 0.010062 seconds .

========================================================================
Received Prepare
Registering precompiled user dll's ...
Registered in 0.000562 seconds.
Begin MonoManager ReloadAssembly
Native extension for WindowsStandalone target not found
Refreshing native plugins compatible for Editor in 0.18 ms, found 0 plugins.
Preloading 0 native plugins for Editor in 0.00 ms.
Mono: successfully reloaded assembly
- Completed reload, in  0.683 seconds
Platform modules already initialized, skipping
Refreshing native plugins compatible for Editor in 0.18 ms, found 0 plugins.
Preloading 0 native plugins for Editor in 0.00 ms.
Unloading 1116 Unused Serialized files (Serialized files now loaded: 0)
System memory in use before: 57.3 MB.
System memory in use after: 57.3 MB.

Unloading 5 unused Assets to reduce memory usage. Loaded Objects now: 1584.
Total: 1.604100 ms (FindLiveObjects: 0.193300 ms CreateObjectMapping: 0.039000 ms MarkObjects: 1.325100 ms  DeleteObjects: 0.045300 ms)

========================================================================
Received Import Request.
  Time since last request: 10.696547 seconds.
  path: Assets/Scenes/Scripts/Constants.cs
  artifactKey: Guid(d83a652eb30caec4a996c9bd98e3cf4c) Importer(815301076,1909f56bfc062723c751e8b465ee728b)
Start importing Assets/Scenes/Scripts/Constants.cs using Guid(d83a652eb30caec4a996c9bd98e3cf4c) Importer(815301076,1909f56bfc062723c751e8b465ee728b)  -> (artifact id: '55949942639fe17cf15b15dbd5a1cf3d') in 0.006743 seconds
  Import took 0.008470 seconds .

========================================================================
Received Prepare
Registering precompiled user dll's ...
Registered in 0.000569 seconds.
Begin MonoManager ReloadAssembly
Native extension for WindowsStandalone target not found
Refreshing native plugins compatible for Editor in 0.18 ms, found 0 plugins.
Preloading 0 native plugins for Editor in 0.00 ms.
Mono: successfully reloaded assembly
- Completed reload, in  0.706 seconds
Platform modules already initialized, skipping
Refreshing native plugins compatible for Editor in 0.22 ms, found 0 plugins.
Preloading 0 native plugins for Editor in 0.00 ms.
Unloading 1117 Unused Serialized files (Serialized files now loaded: 0)
System memory in use before: 57.3 MB.
System memory in use after: 57.3 MB.

Unloading 5 unused Assets to reduce memory usage. Loaded Objects now: 1588.
Total: 1.704300 ms (FindLiveObjects: 0.110900 ms CreateObjectMapping: 0.029400 ms MarkObjects: 1.521900 ms  DeleteObjects: 0.041100 ms)

========================================================================
Received Import Request.
  Time since last request: 41.651188 seconds.
  path: Assets/Scenes/Scripts/NetworkManager.cs
  artifactKey: Guid(21df5aacde0e56240abb4a4be976548f) Importer(815301076,1909f56bfc062723c751e8b465ee728b)
Start importing Assets/Scenes/Scripts/NetworkManager.cs using Guid(21df5aacde0e56240abb4a4be976548f) Importer(815301076,1909f56bfc062723c751e8b465ee728b)  -> (artifact id: 'a0e96a0714ba000f36dc49c456192889') in 0.007463 seconds
  Import took 0.025062 seconds .

========================================================================
Received Import Request.
  Time since last request: 0.004641 seconds.
  path: Assets/Scenes/Scripts/NetworkManager.cs
  artifactKey: Guid(21df5aacde0e56240abb4a4be976548f) Importer(815301076,1909f56bfc062723c751e8b465ee728b)
Start importing Assets/Scenes/Scripts/NetworkManager.cs using Guid(21df5aacde0e56240abb4a4be976548f) Importer(815301076,1909f56bfc062723c751e8b465ee728b)  -> (artifact id: 'a0e96a0714ba000f36dc49c456192889') in 0.001627 seconds
  Import took 0.003326 seconds .

========================================================================
Received Prepare
Registering precompiled user dll's ...
Registered in 0.000571 seconds.
Begin MonoManager ReloadAssembly
Native extension for WindowsStandalone target not found
Refreshing native plugins compatible for Editor in 0.18 ms, found 0 plugins.
Preloading 0 native plugins for Editor in 0.00 ms.
Mono: successfully reloaded assembly
- Completed reload, in  0.682 seconds
Platform modules already initialized, skipping
Refreshing native plugins compatible for Editor in 0.19 ms, found 0 plugins.
Preloading 0 native plugins for Editor in 0.00 ms.
Unloading 1118 Unused Serialized files (Serialized files now loaded: 0)
System memory in use before: 57.3 MB.
System memory in use after: 57.4 MB.

Unloading 5 unused Assets to reduce memory usage. Loaded Objects now: 1592.
Total: 1.747500 ms (FindLiveObjects: 0.166700 ms CreateObjectMapping: 0.052300 ms MarkObjects: 1.476800 ms  DeleteObjects: 0.050300 ms)

========================================================================
Received Import Request.
  Time since last request: 19.428867 seconds.
  path: Assets/Scenes/Scripts/Player.cs
  artifactKey: Guid(d0de01afc1ffeb14a900a36a3e6a4c1d) Importer(815301076,1909f56bfc062723c751e8b465ee728b)
Start importing Assets/Scenes/Scripts/Player.cs using Guid(d0de01afc1ffeb14a900a36a3e6a4c1d) Importer(815301076,1909f56bfc062723c751e8b465ee728b)  -> (artifact id: 'e797a3f7c68e4d896340cface35b9903') in 0.007401 seconds
  Import took 0.009798 seconds .

========================================================================
Received Prepare
Registering precompiled user dll's ...
Registered in 0.000703 seconds.
Begin MonoManager ReloadAssembly
Native extension for WindowsStandalone target not found
Refreshing native plugins compatible for Editor in 0.19 ms, found 0 plugins.
Preloading 0 native plugins for Editor in 0.00 ms.
Mono: successfully reloaded assembly
- Completed reload, in  0.691 seconds
Platform modules already initialized, skipping
Refreshing native plugins compatible for Editor in 0.18 ms, found 0 plugins.
Preloading 0 native plugins for Editor in 0.00 ms.
Unloading 1119 Unused Serialized files (Serialized files now loaded: 0)
System memory in use before: 57.3 MB.
System memory in use after: 57.4 MB.

Unloading 5 unused Assets to reduce memory usage. Loaded Objects now: 1596.
Total: 1.785300 ms (FindLiveObjects: 0.199400 ms CreateObjectMapping: 0.072100 ms MarkObjects: 1.455900 ms  DeleteObjects: 0.056700 ms)

========================================================================
Received Import Request.
  Time since last request: 431.890435 seconds.
  path: Assets/Scenes/Scripts/Server.cs
  artifactKey: Guid(a9334efdbda6c5e44b9e1ca4f40a917e) Importer(815301076,1909f56bfc062723c751e8b465ee728b)
Start importing Assets/Scenes/Scripts/Server.cs using Guid(a9334efdbda6c5e44b9e1ca4f40a917e) Importer(815301076,1909f56bfc062723c751e8b465ee728b)  -> (artifact id: '126707fc666c6aba95511b8934389f0f') in 0.005796 seconds
  Import took 0.008273 seconds .

========================================================================
Received Import Request.
  Time since last request: 92.572306 seconds.
  path: Assets/Scenes/Scripts/ServerHandle.cs
  artifactKey: Guid(0d12baeb15f9e1d40a231d8f4b6f4376) Importer(815301076,1909f56bfc062723c751e8b465ee728b)
Start importing Assets/Scenes/Scripts/ServerHandle.cs using Guid(0d12baeb15f9e1d40a231d8f4b6f4376) Importer(815301076,1909f56bfc062723c751e8b465ee728b)  -> (artifact id: '0cbec1db5a29dc5aebce429e21f45f8f') in 0.003479 seconds
  Import took 0.053196 seconds .

========================================================================
Received Import Request.
  Time since last request: 44.560648 seconds.
  path: Assets/Scenes/Scripts/Packet.cs
  artifactKey: Guid(b09e8f4e17c1e6943a34f01f7e0b658a) Importer(815301076,1909f56bfc062723c751e8b465ee728b)
Start importing Assets/Scenes/Scripts/Packet.cs using Guid(b09e8f4e17c1e6943a34f01f7e0b658a) Importer(815301076,1909f56bfc062723c751e8b465ee728b)  -> (artifact id: 'af02df740738def717de89ba0243aafd') in 0.001938 seconds
  Import took 0.004266 seconds .

========================================================================
Received Import Request.
  Time since last request: 504.298948 seconds.
  path: Assets/Scenes/Scripts/ServerSend.cs
  artifactKey: Guid(bd3549ffd7bee9a4da3921222188c419) Importer(815301076,1909f56bfc062723c751e8b465ee728b)
Start importing Assets/Scenes/Scripts/ServerSend.cs using Guid(bd3549ffd7bee9a4da3921222188c419) Importer(815301076,1909f56bfc062723c751e8b465ee728b)  -> (artifact id: '07faaefedcc91e11bb45980248d3c758') in 0.002578 seconds
  Import took 0.006004 seconds .

========================================================================
Received Import Request.
  Time since last request: 49.384477 seconds.
  path: Assets/Scenes/Scripts/Player.cs
  artifactKey: Guid(d0de01afc1ffeb14a900a36a3e6a4c1d) Importer(815301076,1909f56bfc062723c751e8b465ee728b)
Start importing Assets/Scenes/Scripts/Player.cs using Guid(d0de01afc1ffeb14a900a36a3e6a4c1d) Importer(815301076,1909f56bfc062723c751e8b465ee728b)  -> (artifact id: 'adedf8d943c9810e556ff31a2f4b1cea') in 0.002342 seconds
  Import took 0.004638 seconds .

========================================================================
Received Import Request.
  Time since last request: 98.391159 seconds.
  path: Assets/Scenes/Scripts/Constants.cs
  artifactKey: Guid(d83a652eb30caec4a996c9bd98e3cf4c) Importer(815301076,1909f56bfc062723c751e8b465ee728b)
Start importing Assets/Scenes/Scripts/Constants.cs using Guid(d83a652eb30caec4a996c9bd98e3cf4c) Importer(815301076,1909f56bfc062723c751e8b465ee728b)  -> (artifact id: '4dcd03d9e8076688a3d9953c03d57e45') in 0.002099 seconds
  Import took 0.004632 seconds .

========================================================================
Received Import Request.
  Time since last request: 344.883113 seconds.
  path: Assets/Scenes/Scripts/Client.cs
  artifactKey: Guid(e3f5690072b3d444ba85096fe3ac7bb9) Importer(815301076,1909f56bfc062723c751e8b465ee728b)
Start importing Assets/Scenes/Scripts/Client.cs using Guid(e3f5690072b3d444ba85096fe3ac7bb9) Importer(815301076,1909f56bfc062723c751e8b465ee728b)  -> (artifact id: '4901f4c145f49c934a7585fc62c82c0c') in 0.002125 seconds
  Import took 0.004628 seconds .

========================================================================
Received Import Request.
  Time since last request: 226.098807 seconds.
  path: Assets/Scenes/Scripts/ThreadManager.cs
  artifactKey: Guid(8c971967a3eea95438d64bd0ccf7772c) Importer(815301076,1909f56bfc062723c751e8b465ee728b)
Start importing Assets/Scenes/Scripts/ThreadManager.cs using Guid(8c971967a3eea95438d64bd0ccf7772c) Importer(815301076,1909f56bfc062723c751e8b465ee728b)  -> (artifact id: '166c198149a35537457dd9a43f56bc76') in 0.002975 seconds
  Import took 0.005327 seconds .

========================================================================
Received Prepare
Registering precompiled user dll's ...
Registered in 0.000582 seconds.
Begin MonoManager ReloadAssembly
Native extension for WindowsStandalone target not found
Refreshing native plugins compatible for Editor in 0.19 ms, found 0 plugins.
Preloading 0 native plugins for Editor in 0.00 ms.
Mono: successfully reloaded assembly
- Completed reload, in  0.702 seconds
Platform modules already initialized, skipping
Refreshing native plugins compatible for Editor in 0.19 ms, found 0 plugins.
Preloading 0 native plugins for Editor in 0.00 ms.
Unloading 1119 Unused Serialized files (Serialized files now loaded: 0)
System memory in use before: 57.4 MB.
System memory in use after: 57.4 MB.

Unloading 5 unused Assets to reduce memory usage. Loaded Objects now: 1599.
Total: 1.615200 ms (FindLiveObjects: 0.150100 ms CreateObjectMapping: 0.046300 ms MarkObjects: 1.368400 ms  DeleteObjects: 0.049100 ms)

========================================================================
Received Import Request.
  Time since last request: 875.879684 seconds.
  path: Assets/Scenes/Scripts/NetworkManager.cs
  artifactKey: Guid(21df5aacde0e56240abb4a4be976548f) Importer(815301076,1909f56bfc062723c751e8b465ee728b)
Start importing Assets/Scenes/Scripts/NetworkManager.cs using Guid(21df5aacde0e56240abb4a4be976548f) Importer(815301076,1909f56bfc062723c751e8b465ee728b)  -> (artifact id: '19c1a7f299ea982a24ba8d93e1823a76') in 0.004952 seconds
  Import took 0.041516 seconds .

========================================================================
Received Prepare
Registering precompiled user dll's ...
Registered in 0.000593 seconds.
Begin MonoManager ReloadAssembly
Native extension for WindowsStandalone target not found
Refreshing native plugins compatible for Editor in 0.20 ms, found 0 plugins.
Preloading 0 native plugins for Editor in 0.00 ms.
Mono: successfully reloaded assembly
- Completed reload, in  0.700 seconds
Platform modules already initialized, skipping
Refreshing native plugins compatible for Editor in 0.21 ms, found 0 plugins.
Preloading 0 native plugins for Editor in 0.00 ms.
Unloading 1119 Unused Serialized files (Serialized files now loaded: 0)
System memory in use before: 57.4 MB.
System memory in use after: 57.4 MB.

Unloading 5 unused Assets to reduce memory usage. Loaded Objects now: 1602.
Total: 1.932600 ms (FindLiveObjects: 0.170700 ms CreateObjectMapping: 0.075600 ms MarkObjects: 1.587000 ms  DeleteObjects: 0.097700 ms)

========================================================================
Received Import Request.
  Time since last request: 512.679630 seconds.
  path: Assets/Scenes/Scripts/NetworkManager.cs
  artifactKey: Guid(21df5aacde0e56240abb4a4be976548f) Importer(815301076,1909f56bfc062723c751e8b465ee728b)
Start importing Assets/Scenes/Scripts/NetworkManager.cs using Guid(21df5aacde0e56240abb4a4be976548f) Importer(815301076,1909f56bfc062723c751e8b465ee728b)  -> (artifact id: 'debecaa2960823cf0be2d63bda430038') in 0.003488 seconds
  Import took 0.005434 seconds .

========================================================================
Received Prepare
Registering precompiled user dll's ...
Registered in 0.000589 seconds.
Begin MonoManager ReloadAssembly
Native extension for WindowsStandalone target not found
Refreshing native plugins compatible for Editor in 0.19 ms, found 0 plugins.
Preloading 0 native plugins for Editor in 0.00 ms.
Mono: successfully reloaded assembly
- Completed reload, in  0.733 seconds
Platform modules already initialized, skipping
Refreshing native plugins compatible for Editor in 0.24 ms, found 0 plugins.
Preloading 0 native plugins for Editor in 0.00 ms.
Unloading 1119 Unused Serialized files (Serialized files now loaded: 0)
System memory in use before: 57.4 MB.
System memory in use after: 57.4 MB.

Unloading 5 unused Assets to reduce memory usage. Loaded Objects now: 1605.
Total: 1.735400 ms (FindLiveObjects: 0.116300 ms CreateObjectMapping: 0.037500 ms MarkObjects: 1.532100 ms  DeleteObjects: 0.048400 ms)

========================================================================
Received Import Request.
  Time since last request: 87.599554 seconds.
  path: Assets/Prefab
  artifactKey: Guid(3bb72b755242ff6489a2a6ac3385cd39) Importer(815301076,1909f56bfc062723c751e8b465ee728b)
Start importing Assets/Prefab using Guid(3bb72b755242ff6489a2a6ac3385cd39) Importer(815301076,1909f56bfc062723c751e8b465ee728b)  -> (artifact id: '0222c961e2a2eb6263592ca448b2b5e9') in 0.007656 seconds
  Import took 0.009920 seconds .

========================================================================
Received Import Request.
  Time since last request: 9.419239 seconds.
  path: Assets/Prefab/player.prefab
  artifactKey: Guid(0a688821059033745bed1020a96b99d2) Importer(815301076,1909f56bfc062723c751e8b465ee728b)
Start importing Assets/Prefab/player.prefab using Guid(0a688821059033745bed1020a96b99d2) Importer(815301076,1909f56bfc062723c751e8b465ee728b)  -> (artifact id: '18e721bcd3d8e1f5f9a00a758792c742') in 0.062930 seconds
  Import took 0.064831 seconds .

========================================================================
Received Import Request.
  Time since last request: 14.448148 seconds.
  path: Assets/Prefab/player.prefab
  artifactKey: Guid(0a688821059033745bed1020a96b99d2) Importer(815301076,1909f56bfc062723c751e8b465ee728b)
Start importing Assets/Prefab/player.prefab using Guid(0a688821059033745bed1020a96b99d2) Importer(815301076,1909f56bfc062723c751e8b465ee728b)  -> (artifact id: 'bd4354bd2eecf0d5bc3db2f44fe40f47') in 0.083068 seconds
  Import took 0.094063 seconds .

========================================================================
Received Import Request.
  Time since last request: 4.504312 seconds.
  path: Assets/Prefab/player.prefab
  artifactKey: Guid(0a688821059033745bed1020a96b99d2) Importer(815301076,1909f56bfc062723c751e8b465ee728b)
Start importing Assets/Prefab/player.prefab using Guid(0a688821059033745bed1020a96b99d2) Importer(815301076,1909f56bfc062723c751e8b465ee728b)  -> (artifact id: '0cd52432115e70cb3d9e08277ae0d53f') in 0.011714 seconds
  Import took 0.013900 seconds .

========================================================================
Received Import Request.
  Time since last request: 4.757159 seconds.
  path: Assets/Prefab/player.prefab
  artifactKey: Guid(0a688821059033745bed1020a96b99d2) Importer(815301076,1909f56bfc062723c751e8b465ee728b)
Start importing Assets/Prefab/player.prefab using Guid(0a688821059033745bed1020a96b99d2) Importer(815301076,1909f56bfc062723c751e8b465ee728b)  -> (artifact id: '0d8a97d1729c3186421a51335c0901b9') in 0.024258 seconds
  Import took 0.026477 seconds .

========================================================================
Received Import Request.
  Time since last request: 19.637277 seconds.
  path: Assets/Prefab/player.prefab
  artifactKey: Guid(0a688821059033745bed1020a96b99d2) Importer(815301076,1909f56bfc062723c751e8b465ee728b)
Start importing Assets/Prefab/player.prefab using Guid(0a688821059033745bed1020a96b99d2) Importer(815301076,1909f56bfc062723c751e8b465ee728b)  -> (artifact id: '4e9333b47e79ecb912423400adb6671b') in 0.004053 seconds
  Import took 0.006541 seconds .

========================================================================
Received Import Request.
  Time since last request: 3.308673 seconds.
  path: Assets/Prefab/player.prefab
  artifactKey: Guid(0a688821059033745bed1020a96b99d2) Importer(815301076,1909f56bfc062723c751e8b465ee728b)
Start importing Assets/Prefab/player.prefab using Guid(0a688821059033745bed1020a96b99d2) Importer(815301076,1909f56bfc062723c751e8b465ee728b)  -> (artifact id: '98a7b4559979c9942a7318648c488cbc') in 0.003493 seconds
  Import took 0.018768 seconds .

========================================================================
Received Prepare
Registering precompiled user dll's ...
Registered in 0.000604 seconds.
Begin MonoManager ReloadAssembly
Native extension for WindowsStandalone target not found
Refreshing native plugins compatible for Editor in 0.27 ms, found 0 plugins.
Preloading 0 native plugins for Editor in 0.00 ms.
Mono: successfully reloaded assembly
- Completed reload, in  0.703 seconds
Platform modules already initialized, skipping
Refreshing native plugins compatible for Editor in 0.19 ms, found 0 plugins.
Preloading 0 native plugins for Editor in 0.00 ms.
Unloading 1119 Unused Serialized files (Serialized files now loaded: 0)
System memory in use before: 60.6 MB.
System memory in use after: 60.6 MB.

Unloading 6 unused Assets to reduce memory usage. Loaded Objects now: 1616.
Total: 1.927800 ms (FindLiveObjects: 0.276000 ms CreateObjectMapping: 0.044300 ms MarkObjects: 1.547200 ms  DeleteObjects: 0.059300 ms)

========================================================================
Received Prepare
Refreshing native plugins compatible for Editor in 0.61 ms, found 0 plugins.
Preloading 0 native plugins for Editor in 0.00 ms.
Unloading 3 Unused Serialized files (Serialized files now loaded: 0)
System memory in use before: 38.4 MB.
System memory in use after: 38.5 MB.

Unloading 3 unused Assets to reduce memory usage. Loaded Objects now: 1616.
Total: 1.830400 ms (FindLiveObjects: 0.180500 ms CreateObjectMapping: 0.051500 ms MarkObjects: 1.469700 ms  DeleteObjects: 0.127700 ms)

========================================================================
Received Import Request.
  Time since last request: 465.176355 seconds.
  path: Assets/Scripts/Server.cs
  artifactKey: Guid(a9334efdbda6c5e44b9e1ca4f40a917e) Importer(815301076,1909f56bfc062723c751e8b465ee728b)
Start importing Assets/Scripts/Server.cs using Guid(a9334efdbda6c5e44b9e1ca4f40a917e) Importer(815301076,1909f56bfc062723c751e8b465ee728b)  -> (artifact id: '6f44b41daadf501423a2aca37b03516d') in 0.004255 seconds
  Import took 0.042138 seconds .

========================================================================
Received Prepare
Refreshing native plugins compatible for Editor in 0.62 ms, found 0 plugins.
Preloading 0 native plugins for Editor in 0.00 ms.
Unloading 3 Unused Serialized files (Serialized files now loaded: 0)
System memory in use before: 38.4 MB.
System memory in use after: 38.5 MB.

Unloading 3 unused Assets to reduce memory usage. Loaded Objects now: 1616.
Total: 2.198500 ms (FindLiveObjects: 0.213700 ms CreateObjectMapping: 0.044900 ms MarkObjects: 1.881600 ms  DeleteObjects: 0.056400 ms)

========================================================================
Received Import Request.
  Time since last request: 128.132567 seconds.
  path: Assets/Scripts/Player.cs
  artifactKey: Guid(d0de01afc1ffeb14a900a36a3e6a4c1d) Importer(815301076,1909f56bfc062723c751e8b465ee728b)
Start importing Assets/Scripts/Player.cs using Guid(d0de01afc1ffeb14a900a36a3e6a4c1d) Importer(815301076,1909f56bfc062723c751e8b465ee728b)  -> (artifact id: '562be03a0f161d7ce9cd20c76899ea11') in 0.003416 seconds
  Import took 0.006609 seconds .

========================================================================
Received Import Request.
  Time since last request: 0.002339 seconds.
  path: Assets/Scripts/Player.cs
  artifactKey: Guid(d0de01afc1ffeb14a900a36a3e6a4c1d) Importer(815301076,1909f56bfc062723c751e8b465ee728b)
Start importing Assets/Scripts/Player.cs using Guid(d0de01afc1ffeb14a900a36a3e6a4c1d) Importer(815301076,1909f56bfc062723c751e8b465ee728b)  -> (artifact id: '562be03a0f161d7ce9cd20c76899ea11') in 0.001730 seconds
  Import took 0.003633 seconds .

========================================================================
Received Import Request.
  Time since last request: 10.586827 seconds.
  path: Assets/Scripts/Client.cs
  artifactKey: Guid(e3f5690072b3d444ba85096fe3ac7bb9) Importer(815301076,1909f56bfc062723c751e8b465ee728b)
Start importing Assets/Scripts/Client.cs using Guid(e3f5690072b3d444ba85096fe3ac7bb9) Importer(815301076,1909f56bfc062723c751e8b465ee728b)  -> (artifact id: '7a4f91044b82a684b256653937ebebb6') in 0.001713 seconds
  Import took 0.003655 seconds .

========================================================================
Received Import Request.
  Time since last request: 0.001434 seconds.
  path: Assets/Scripts/Client.cs
  artifactKey: Guid(e3f5690072b3d444ba85096fe3ac7bb9) Importer(815301076,1909f56bfc062723c751e8b465ee728b)
Start importing Assets/Scripts/Client.cs using Guid(e3f5690072b3d444ba85096fe3ac7bb9) Importer(815301076,1909f56bfc062723c751e8b465ee728b)  -> (artifact id: '7a4f91044b82a684b256653937ebebb6') in 0.001710 seconds
  Import took 0.003621 seconds .

========================================================================
Received Prepare
Registering precompiled user dll's ...
Registered in 0.000593 seconds.
Begin MonoManager ReloadAssembly
Native extension for WindowsStandalone target not found
Refreshing native plugins compatible for Editor in 0.22 ms, found 0 plugins.
Preloading 0 native plugins for Editor in 0.00 ms.
Mono: successfully reloaded assembly
- Completed reload, in  0.717 seconds
Platform modules already initialized, skipping
Refreshing native plugins compatible for Editor in 0.19 ms, found 0 plugins.
Preloading 0 native plugins for Editor in 0.00 ms.
Unloading 1119 Unused Serialized files (Serialized files now loaded: 0)
System memory in use before: 60.6 MB.
System memory in use after: 60.6 MB.

Unloading 5 unused Assets to reduce memory usage. Loaded Objects now: 1619.
Total: 1.583800 ms (FindLiveObjects: 0.130000 ms CreateObjectMapping: 0.043400 ms MarkObjects: 1.362400 ms  DeleteObjects: 0.046900 ms)

========================================================================
Received Import Request.
  Time since last request: 55.379292 seconds.
  path: Assets/Scripts/Client.cs
  artifactKey: Guid(e3f5690072b3d444ba85096fe3ac7bb9) Importer(815301076,1909f56bfc062723c751e8b465ee728b)
Start importing Assets/Scripts/Client.cs using Guid(e3f5690072b3d444ba85096fe3ac7bb9) Importer(815301076,1909f56bfc062723c751e8b465ee728b)  -> (artifact id: 'cc19930f40c5ed26fbd7659ebfa262fb') in 0.003473 seconds
  Import took 0.242152 seconds .

========================================================================
Received Prepare
Refreshing native plugins compatible for Editor in 0.68 ms, found 0 plugins.
Preloading 0 native plugins for Editor in 0.00 ms.
Unloading 3 Unused Serialized files (Serialized files now loaded: 0)
System memory in use before: 38.4 MB.
System memory in use after: 38.5 MB.

Unloading 3 unused Assets to reduce memory usage. Loaded Objects now: 1619.
Total: 2.270100 ms (FindLiveObjects: 0.276800 ms CreateObjectMapping: 0.114100 ms MarkObjects: 1.820400 ms  DeleteObjects: 0.057400 ms)

========================================================================
Received Prepare
Registering precompiled user dll's ...
Registered in 0.000741 seconds.
Begin MonoManager ReloadAssembly
Native extension for WindowsStandalone target not found
Refreshing native plugins compatible for Editor in 0.22 ms, found 0 plugins.
Preloading 0 native plugins for Editor in 0.00 ms.
Mono: successfully reloaded assembly
- Completed reload, in  0.890 seconds
Platform modules already initialized, skipping
Refreshing native plugins compatible for Editor in 0.25 ms, found 0 plugins.
Preloading 0 native plugins for Editor in 0.00 ms.
Unloading 1119 Unused Serialized files (Serialized files now loaded: 0)
System memory in use before: 60.6 MB.
System memory in use after: 60.7 MB.

Unloading 5 unused Assets to reduce memory usage. Loaded Objects now: 1622.
Total: 1.764200 ms (FindLiveObjects: 0.255200 ms CreateObjectMapping: 0.063900 ms MarkObjects: 1.393300 ms  DeleteObjects: 0.050700 ms)

========================================================================
Received Prepare
Registering precompiled user dll's ...
Registered in 0.000582 seconds.
Begin MonoManager ReloadAssembly
Native extension for WindowsStandalone target not found
Refreshing native plugins compatible for Editor in 0.19 ms, found 0 plugins.
Preloading 0 native plugins for Editor in 0.00 ms.
Mono: successfully reloaded assembly
- Completed reload, in  0.696 seconds
Platform modules already initialized, skipping
Refreshing native plugins compatible for Editor in 0.18 ms, found 0 plugins.
Preloading 0 native plugins for Editor in 0.00 ms.
Unloading 1119 Unused Serialized files (Serialized files now loaded: 0)
System memory in use before: 60.6 MB.
System memory in use after: 60.7 MB.

Unloading 5 unused Assets to reduce memory usage. Loaded Objects now: 1625.
Total: 1.707300 ms (FindLiveObjects: 0.146100 ms CreateObjectMapping: 0.038700 ms MarkObjects: 1.468200 ms  DeleteObjects: 0.052800 ms)

========================================================================
Received Prepare
Registering precompiled user dll's ...
Registered in 0.000851 seconds.
Begin MonoManager ReloadAssembly
Native extension for WindowsStandalone target not found
Refreshing native plugins compatible for Editor in 0.27 ms, found 0 plugins.
Preloading 0 native plugins for Editor in 0.00 ms.
Mono: successfully reloaded assembly
- Completed reload, in  0.948 seconds
Platform modules already initialized, skipping
Refreshing native plugins compatible for Editor in 0.25 ms, found 0 plugins.
Preloading 0 native plugins for Editor in 0.00 ms.
Unloading 1119 Unused Serialized files (Serialized files now loaded: 0)
System memory in use before: 60.6 MB.
System memory in use after: 60.7 MB.

Unloading 5 unused Assets to reduce memory usage. Loaded Objects now: 1628.
Total: 2.044200 ms (FindLiveObjects: 0.229300 ms CreateObjectMapping: 0.077000 ms MarkObjects: 1.665600 ms  DeleteObjects: 0.070500 ms)

========================================================================
Received Import Request.
  Time since last request: 334.304650 seconds.
  path: Assets/Scripts/ServerSend.cs
  artifactKey: Guid(bd3549ffd7bee9a4da3921222188c419) Importer(815301076,1909f56bfc062723c751e8b465ee728b)
Start importing Assets/Scripts/ServerSend.cs using Guid(bd3549ffd7bee9a4da3921222188c419) Importer(815301076,1909f56bfc062723c751e8b465ee728b)  -> (artifact id: '9ccae9c1c95055570fee2b83eefb2231') in 0.009743 seconds
  Import took 0.012233 seconds .

========================================================================
Received Import Request.
  Time since last request: 0.032415 seconds.
  path: Assets/Scripts/ServerSend.cs
  artifactKey: Guid(bd3549ffd7bee9a4da3921222188c419) Importer(815301076,1909f56bfc062723c751e8b465ee728b)
Start importing Assets/Scripts/ServerSend.cs using Guid(bd3549ffd7bee9a4da3921222188c419) Importer(815301076,1909f56bfc062723c751e8b465ee728b)  -> (artifact id: '9ccae9c1c95055570fee2b83eefb2231') in 0.002888 seconds
  Import took 0.005271 seconds .

========================================================================
Received Import Request.
  Time since last request: 21.438696 seconds.
  path: Assets/Scripts/ServerHandle.cs
  artifactKey: Guid(0d12baeb15f9e1d40a231d8f4b6f4376) Importer(815301076,1909f56bfc062723c751e8b465ee728b)
Start importing Assets/Scripts/ServerHandle.cs using Guid(0d12baeb15f9e1d40a231d8f4b6f4376) Importer(815301076,1909f56bfc062723c751e8b465ee728b)  -> (artifact id: '50fab4b534fa1b5c7a7a85c010923a9a') in 0.002184 seconds
  Import took 0.013062 seconds .

========================================================================
Received Import Request.
  Time since last request: 268.980313 seconds.
  path: Assets/Prefab/player.prefab
  artifactKey: Guid(0a688821059033745bed1020a96b99d2) Importer(815301076,1909f56bfc062723c751e8b465ee728b)
Start importing Assets/Prefab/player.prefab using Guid(0a688821059033745bed1020a96b99d2) Importer(815301076,1909f56bfc062723c751e8b465ee728b)  -> (artifact id: 'a710079bb3ebd65b17fb444cd4701c51') in 0.025728 seconds
  Import took 0.045890 seconds .

========================================================================
Received Prepare
Refreshing native plugins compatible for Editor in 0.85 ms, found 0 plugins.
Preloading 0 native plugins for Editor in 0.00 ms.
Unloading 3 Unused Serialized files (Serialized files now loaded: 0)
System memory in use before: 38.5 MB.
System memory in use after: 38.6 MB.

Unloading 3 unused Assets to reduce memory usage. Loaded Objects now: 1628.
Total: 2.664500 ms (FindLiveObjects: 0.210500 ms CreateObjectMapping: 0.074200 ms MarkObjects: 2.324800 ms  DeleteObjects: 0.053600 ms)

========================================================================
Received Prepare
Registering precompiled user dll's ...
Registered in 0.000786 seconds.
Begin MonoManager ReloadAssembly
Native extension for WindowsStandalone target not found
Refreshing native plugins compatible for Editor in 0.20 ms, found 0 plugins.
Preloading 0 native plugins for Editor in 0.00 ms.
Mono: successfully reloaded assembly
- Completed reload, in  0.933 seconds
Platform modules already initialized, skipping
Refreshing native plugins compatible for Editor in 0.24 ms, found 0 plugins.
Preloading 0 native plugins for Editor in 0.00 ms.
Unloading 1119 Unused Serialized files (Serialized files now loaded: 0)
System memory in use before: 60.6 MB.
System memory in use after: 60.7 MB.

Unloading 5 unused Assets to reduce memory usage. Loaded Objects now: 1631.
Total: 1.747800 ms (FindLiveObjects: 0.182600 ms CreateObjectMapping: 0.049000 ms MarkObjects: 1.464000 ms  DeleteObjects: 0.050500 ms)

========================================================================
Received Prepare
Refreshing native plugins compatible for Editor in 0.74 ms, found 0 plugins.
Preloading 0 native plugins for Editor in 0.00 ms.
Unloading 3 Unused Serialized files (Serialized files now loaded: 0)
System memory in use before: 38.4 MB.
System memory in use after: 38.5 MB.

Unloading 3 unused Assets to reduce memory usage. Loaded Objects now: 1631.
Total: 2.301800 ms (FindLiveObjects: 0.125700 ms CreateObjectMapping: 0.035400 ms MarkObjects: 2.091300 ms  DeleteObjects: 0.048200 ms)

========================================================================
Received Prepare
Registering precompiled user dll's ...
Registered in 0.000640 seconds.
Begin MonoManager ReloadAssembly
Native extension for WindowsStandalone target not found
Refreshing native plugins compatible for Editor in 0.19 ms, found 0 plugins.
Preloading 0 native plugins for Editor in 0.00 ms.
Mono: successfully reloaded assembly
- Completed reload, in  0.789 seconds
Platform modules already initialized, skipping
Refreshing native plugins compatible for Editor in 0.18 ms, found 0 plugins.
Preloading 0 native plugins for Editor in 0.00 ms.
Unloading 1119 Unused Serialized files (Serialized files now loaded: 0)
System memory in use before: 60.6 MB.
System memory in use after: 60.7 MB.

Unloading 5 unused Assets to reduce memory usage. Loaded Objects now: 1634.
Total: 1.544400 ms (FindLiveObjects: 0.136300 ms CreateObjectMapping: 0.035400 ms MarkObjects: 1.328800 ms  DeleteObjects: 0.042700 ms)

========================================================================
Received Prepare
Registering precompiled user dll's ...
Registered in 0.001044 seconds.
Begin MonoManager ReloadAssembly
Native extension for WindowsStandalone target not found
Refreshing native plugins compatible for Editor in 0.18 ms, found 0 plugins.
Preloading 0 native plugins for Editor in 0.00 ms.
Mono: successfully reloaded assembly
- Completed reload, in  0.722 seconds
Platform modules already initialized, skipping
Refreshing native plugins compatible for Editor in 0.18 ms, found 0 plugins.
Preloading 0 native plugins for Editor in 0.00 ms.
Unloading 1119 Unused Serialized files (Serialized files now loaded: 0)
System memory in use before: 60.6 MB.
System memory in use after: 60.7 MB.

Unloading 5 unused Assets to reduce memory usage. Loaded Objects now: 1637.
Total: 1.656400 ms (FindLiveObjects: 0.133600 ms CreateObjectMapping: 0.042600 ms MarkObjects: 1.430500 ms  DeleteObjects: 0.048800 ms)

========================================================================
Received Prepare
Refreshing native plugins compatible for Editor in 0.63 ms, found 0 plugins.
Preloading 0 native plugins for Editor in 0.00 ms.
Unloading 3 Unused Serialized files (Serialized files now loaded: 0)
System memory in use before: 38.5 MB.
System memory in use after: 38.5 MB.

Unloading 3 unused Assets to reduce memory usage. Loaded Objects now: 1637.
Total: 2.470800 ms (FindLiveObjects: 0.233900 ms CreateObjectMapping: 0.093200 ms MarkObjects: 2.077500 ms  DeleteObjects: 0.064700 ms)

AssetImportWorkerClient::OnTransportError - code=2 error=End of file
